<?xml version="1.0" encoding="UTF-8"?>
<robot generator="Robot 5.0.1 (Python 3.10.5 on win32)" generated="20220729 20:20:41.033" rpa="false" schemaversion="3">
<suite id="s1" name="TC CreateJob" source="C:\Users\Administrator\QA Sanbercode\Final Project\TC_CreateJob.robot">
<test id="s1-t1" name="Open Browser" line="6">
<kw name="TC_Login" library="keyword">
<kw name="Open Browser" library="SeleniumLibrary">
<arg>${url}</arg>
<arg>gc</arg>
<doc>Opens a new browser instance to the optional ``url``.</doc>
<msg timestamp="20220729 20:20:41.259" level="INFO">Opening browser 'gc' to base url 'https://opensource-demo.orangehrmlive.com/'.</msg>
<status status="PASS" starttime="20220729 20:20:41.258" endtime="20220729 20:20:45.993"/>
</kw>
<kw name="Input Text" library="SeleniumLibrary">
<arg>${username}</arg>
<arg>${nama}</arg>
<doc>Types the given ``text`` into the text field identified by ``locator``.</doc>
<msg timestamp="20220729 20:20:45.993" level="INFO">Typing text 'Admin' into text field 'id=txtUsername'.</msg>
<status status="PASS" starttime="20220729 20:20:45.993" endtime="20220729 20:20:46.087"/>
</kw>
<kw name="Input Text" library="SeleniumLibrary">
<arg>${password}</arg>
<arg>${sandi}</arg>
<doc>Types the given ``text`` into the text field identified by ``locator``.</doc>
<msg timestamp="20220729 20:20:46.087" level="INFO">Typing text 'admin123' into text field 'id=txtPassword'.</msg>
<status status="PASS" starttime="20220729 20:20:46.087" endtime="20220729 20:20:46.196"/>
</kw>
<kw name="Click Element" library="SeleniumLibrary">
<arg>${btnLogin}</arg>
<doc>Click the element identified by ``locator``.</doc>
<msg timestamp="20220729 20:20:46.196" level="INFO">Clicking element 'id=btnLogin'.</msg>
<status status="PASS" starttime="20220729 20:20:46.196" endtime="20220729 20:20:50.649"/>
</kw>
<status status="PASS" starttime="20220729 20:20:41.258" endtime="20220729 20:20:50.649"/>
</kw>
<status status="PASS" starttime="20220729 20:20:41.257" endtime="20220729 20:20:50.656"/>
</test>
<test id="s1-t2" name="Create Job Titles" line="8">
<kw name="Click Element" library="SeleniumLibrary">
<arg>${btnAdmin}</arg>
<doc>Click the element identified by ``locator``.</doc>
<msg timestamp="20220729 20:20:50.662" level="INFO">Clicking element 'id=menu_admin_viewAdminModule'.</msg>
<status status="PASS" starttime="20220729 20:20:50.661" endtime="20220729 20:20:52.417"/>
</kw>
<kw name="Click Element" library="SeleniumLibrary">
<arg>id=menu_admin_Job</arg>
<doc>Click the element identified by ``locator``.</doc>
<msg timestamp="20220729 20:20:52.418" level="INFO">Clicking element 'id=menu_admin_Job'.</msg>
<status status="PASS" starttime="20220729 20:20:52.418" endtime="20220729 20:20:52.484"/>
</kw>
<kw name="Click Element" library="SeleniumLibrary">
<arg>id=menu_admin_viewJobTitleList</arg>
<doc>Click the element identified by ``locator``.</doc>
<msg timestamp="20220729 20:20:52.485" level="INFO">Clicking element 'id=menu_admin_viewJobTitleList'.</msg>
<status status="PASS" starttime="20220729 20:20:52.485" endtime="20220729 20:20:53.406"/>
</kw>
<kw name="Click Element" library="SeleniumLibrary">
<arg>${btnAdd}</arg>
<doc>Click the element identified by ``locator``.</doc>
<msg timestamp="20220729 20:20:53.407" level="INFO">Clicking element 'id=btnAdd'.</msg>
<status status="PASS" starttime="20220729 20:20:53.406" endtime="20220729 20:20:54.287"/>
</kw>
<kw name="Input Text" library="SeleniumLibrary">
<arg>id=jobTitle_jobTitle</arg>
<arg>Quality Assurance</arg>
<doc>Types the given ``text`` into the text field identified by ``locator``.</doc>
<msg timestamp="20220729 20:20:54.287" level="INFO">Typing text 'Quality Assurance' into text field 'id=jobTitle_jobTitle'.</msg>
<status status="PASS" starttime="20220729 20:20:54.287" endtime="20220729 20:20:54.405"/>
</kw>
<kw name="Input Text" library="SeleniumLibrary">
<arg>id=jobTitle_jobDescription</arg>
<arg>Testing Software</arg>
<doc>Types the given ``text`` into the text field identified by ``locator``.</doc>
<msg timestamp="20220729 20:20:54.420" level="INFO">Typing text 'Testing Software' into text field 'id=jobTitle_jobDescription'.</msg>
<status status="PASS" starttime="20220729 20:20:54.420" endtime="20220729 20:20:54.535"/>
</kw>
<kw name="Input Text" library="SeleniumLibrary">
<arg>id=jobTitle_note</arg>
<arg>Test 001</arg>
<doc>Types the given ``text`` into the text field identified by ``locator``.</doc>
<msg timestamp="20220729 20:20:54.536" level="INFO">Typing text 'Test 001' into text field 'id=jobTitle_note'.</msg>
<status status="PASS" starttime="20220729 20:20:54.536" endtime="20220729 20:20:54.626"/>
</kw>
<kw name="Click Element" library="SeleniumLibrary">
<arg>${btnSave}</arg>
<doc>Click the element identified by ``locator``.</doc>
<msg timestamp="20220729 20:20:54.627" level="INFO">Clicking element 'id=btnSave'.</msg>
<status status="PASS" starttime="20220729 20:20:54.626" endtime="20220729 20:20:55.717"/>
</kw>
<status status="PASS" starttime="20220729 20:20:50.660" endtime="20220729 20:20:55.718"/>
</test>
<status status="PASS" starttime="20220729 20:20:41.033" endtime="20220729 20:20:55.720"/>
</suite>
<statistics>
<total>
<stat pass="2" fail="0" skip="0">All Tests</stat>
</total>
<tag>
</tag>
<suite>
<stat pass="2" fail="0" skip="0" id="s1" name="TC CreateJob">TC CreateJob</stat>
</suite>
</statistics>
<errors>
</errors>
</robot>
