<?xml version="1.0" encoding="UTF-8"?>
<robot generator="Robot 5.0.1 (Python 3.10.5 on win32)" generated="20220803 00:02:31.162" rpa="false" schemaversion="3">
<suite id="s1" name="TC Time AddProject" source="C:\Users\Administrator\QA Sanbercode\Final Project\Test Script Robot Framework\TC_Time_AddProject.robot">
<test id="s1-t1" name="Open Browser" line="7">
<kw name="TC_Login" library="keyword">
<kw name="Open Browser" library="SeleniumLibrary">
<arg>${url}</arg>
<arg>gc</arg>
<doc>Opens a new browser instance to the optional ``url``.</doc>
<msg timestamp="20220803 00:02:31.392" level="INFO">Opening browser 'gc' to base url 'https://opensource-demo.orangehrmlive.com/'.</msg>
<status status="PASS" starttime="20220803 00:02:31.392" endtime="20220803 00:02:36.804"/>
</kw>
<kw name="Input Text" library="SeleniumLibrary">
<arg>${username}</arg>
<arg>${nama}</arg>
<doc>Types the given ``text`` into the text field identified by ``locator``.</doc>
<msg timestamp="20220803 00:02:36.804" level="INFO">Typing text 'Admin' into text field 'id=txtUsername'.</msg>
<status status="PASS" starttime="20220803 00:02:36.804" endtime="20220803 00:02:36.896"/>
</kw>
<kw name="Input Text" library="SeleniumLibrary">
<arg>${password}</arg>
<arg>${sandi}</arg>
<doc>Types the given ``text`` into the text field identified by ``locator``.</doc>
<msg timestamp="20220803 00:02:36.896" level="INFO">Typing text 'admin123' into text field 'id=txtPassword'.</msg>
<status status="PASS" starttime="20220803 00:02:36.896" endtime="20220803 00:02:37.006"/>
</kw>
<kw name="Click Element" library="SeleniumLibrary">
<arg>${btnLogin}</arg>
<doc>Click the element identified by ``locator``.</doc>
<msg timestamp="20220803 00:02:37.006" level="INFO">Clicking element 'id=btnLogin'.</msg>
<status status="PASS" starttime="20220803 00:02:37.006" endtime="20220803 00:02:41.463"/>
</kw>
<status status="PASS" starttime="20220803 00:02:31.392" endtime="20220803 00:02:41.463"/>
</kw>
<status status="PASS" starttime="20220803 00:02:31.391" endtime="20220803 00:02:41.464"/>
</test>
<test id="s1-t2" name="Add Project" line="9">
<kw name="Click Element" library="SeleniumLibrary">
<arg>id=menu_time_viewTimeModule</arg>
<doc>Click the element identified by ``locator``.</doc>
<msg timestamp="20220803 00:02:41.468" level="INFO">Clicking element 'id=menu_time_viewTimeModule'.</msg>
<status status="PASS" starttime="20220803 00:02:41.467" endtime="20220803 00:02:42.975"/>
</kw>
<kw name="Click Element" library="SeleniumLibrary">
<arg>id=menu_admin_ProjectInfo</arg>
<doc>Click the element identified by ``locator``.</doc>
<msg timestamp="20220803 00:02:42.979" level="INFO">Clicking element 'id=menu_admin_ProjectInfo'.</msg>
<status status="PASS" starttime="20220803 00:02:42.977" endtime="20220803 00:02:43.061"/>
</kw>
<kw name="Click Element" library="SeleniumLibrary">
<arg>id=menu_admin_viewProjects</arg>
<doc>Click the element identified by ``locator``.</doc>
<msg timestamp="20220803 00:02:43.062" level="INFO">Clicking element 'id=menu_admin_viewProjects'.</msg>
<status status="PASS" starttime="20220803 00:02:43.062" endtime="20220803 00:02:44.256"/>
</kw>
<kw name="Click Element" library="SeleniumLibrary">
<arg>id=btnAdd</arg>
<doc>Click the element identified by ``locator``.</doc>
<msg timestamp="20220803 00:02:44.257" level="INFO">Clicking element 'id=btnAdd'.</msg>
<status status="PASS" starttime="20220803 00:02:44.257" endtime="20220803 00:02:45.160"/>
</kw>
<kw name="Input Text" library="SeleniumLibrary">
<arg>//input[@id='addProject_customerName']</arg>
<arg>apri123</arg>
<doc>Types the given ``text`` into the text field identified by ``locator``.</doc>
<msg timestamp="20220803 00:02:45.161" level="INFO">Typing text 'apri123' into text field '//input[@id='addProject_customerName']'.</msg>
<status status="PASS" starttime="20220803 00:02:45.160" endtime="20220803 00:02:45.278"/>
</kw>
<kw name="Input Text" library="SeleniumLibrary">
<arg>id=addProject_projectName</arg>
<arg>agam123</arg>
<doc>Types the given ``text`` into the text field identified by ``locator``.</doc>
<msg timestamp="20220803 00:02:45.278" level="INFO">Typing text 'agam123' into text field 'id=addProject_projectName'.</msg>
<status status="PASS" starttime="20220803 00:02:45.278" endtime="20220803 00:02:45.398"/>
</kw>
<kw name="Input Text" library="SeleniumLibrary">
<arg>//input[@id='addProject_projectAdmin_1']</arg>
<arg>Admin A</arg>
<doc>Types the given ``text`` into the text field identified by ``locator``.</doc>
<msg timestamp="20220803 00:02:45.399" level="INFO">Typing text 'Admin A' into text field '//input[@id='addProject_projectAdmin_1']'.</msg>
<status status="PASS" starttime="20220803 00:02:45.398" endtime="20220803 00:02:45.508"/>
</kw>
<kw name="Input Text" library="SeleniumLibrary">
<arg>id=addProject_description</arg>
<arg>test QA</arg>
<doc>Types the given ``text`` into the text field identified by ``locator``.</doc>
<msg timestamp="20220803 00:02:45.509" level="INFO">Typing text 'test QA' into text field 'id=addProject_description'.</msg>
<status status="PASS" starttime="20220803 00:02:45.509" endtime="20220803 00:02:45.590"/>
</kw>
<kw name="Click Element" library="SeleniumLibrary">
<arg>id=btnSave</arg>
<doc>Click the element identified by ``locator``.</doc>
<msg timestamp="20220803 00:02:45.590" level="INFO">Clicking element 'id=btnSave'.</msg>
<status status="PASS" starttime="20220803 00:02:45.590" endtime="20220803 00:02:46.179"/>
</kw>
<status status="PASS" starttime="20220803 00:02:41.465" endtime="20220803 00:02:46.180"/>
</test>
<status status="PASS" starttime="20220803 00:02:31.177" endtime="20220803 00:02:46.183"/>
</suite>
<statistics>
<total>
<stat pass="2" fail="0" skip="0">All Tests</stat>
</total>
<tag>
</tag>
<suite>
<stat pass="2" fail="0" skip="0" id="s1" name="TC Time AddProject">TC Time AddProject</stat>
</suite>
</statistics>
<errors>
</errors>
</robot>
